<?xml version="1.0" encoding="UTF-8"?>
<!-- Generated by org.testng.reporters.JUnitReportReporter -->
<testsuite hostname="LAPTOP-LBH78844" name="BFramework.loginPageTest" tests="2" failures="0" timestamp="18 Feb 2021 23:57:56 GMT" time="11.709" errors="0">
  <testcase name="login" time="7.459" classname="BFramework.loginPageTest"/>
  <testcase name="login" time="4.250" classname="BFramework.loginPageTest"/>
</testsuite> <!-- BFramework.loginPageTest -->
