<?xml version="1.0" encoding="UTF-8"?>
<!-- Generated by org.testng.reporters.JUnitReportReporter -->
<testsuite hostname="LAPTOP-LBH78844" name="BFramework.mainPageTest" tests="2" failures="0" timestamp="18 Feb 2021 23:52:54 GMT" time="12.168" errors="0">
  <testcase name="basicAuthRedirect" time="4.220" classname="BFramework.mainPageTest"/>
  <testcase name="basePageTitle" time="7.948" classname="BFramework.mainPageTest"/>
</testsuite> <!-- BFramework.mainPageTest -->
