<?xml version="1.0" encoding="UTF-8"?>
<!-- Generated by org.testng.reporters.JUnitReportReporter -->
<testsuite skipped="0" hostname="LAPTOP-LBH78844" name="BFramework.loginPageTest" tests="2" failures="0" timestamp="04 мар 2021 19:07:51 GMT" time="14.520" errors="0">
  <testcase name="login" time="4.974" classname="BFramework.loginPageTest"/>
  <testcase name="login" time="9.546" classname="BFramework.loginPageTest"/>
</testsuite> <!-- BFramework.loginPageTest -->
