<?xml version="1.0" encoding="UTF-8"?>
<!-- Generated by org.testng.reporters.JUnitReportReporter -->
<testsuite skipped="0" hostname="LAPTOP-LBH78844" name="BFramework.mainPageTest" tests="2" failures="0" timestamp="04 мар 2021 19:07:51 GMT" time="12.075" errors="0">
  <testcase name="basePageTitle" time="6.877" classname="BFramework.mainPageTest"/>
  <testcase name="basicAuthRedirect" time="5.198" classname="BFramework.mainPageTest"/>
</testsuite> <!-- BFramework.mainPageTest -->
